
===================================================
[2026-07-01 23:24:25] Testing Logger
===================================================
[2026-07-01 23:24:25] [INFO] Checking Internet
[2026-07-01 23:24:26] [SUCCESS] Internet Available
[2026-07-01 23:24:27] [WARNING] Java Already Installed
[2026-07-01 23:24:28] [ERROR] Dummy Error
[2026-07-01 23:25:12] [INFO] Checking Operating System...
[2026-07-01 23:25:12] [SUCCESS] Detected: Linux Mint 22.1
[2026-07-01 23:25:12] [INFO] Checking Internet Connection...
[2026-07-01 23:25:12] [SUCCESS] Internet Connection Available
[2026-07-01 23:27:24] [INFO] Checking Java...
[2026-07-01 23:27:24] [INFO] Installing Java...
[2026-07-01 23:27:24] [INFO] Detecting JAVA_HOME...
[2026-07-01 23:27:24] [INFO] Configuring Java...
[2026-07-01 23:39:47] [INFO] Checking Internet Connection...
[2026-07-01 23:39:48] [SUCCESS] Internet Connection Available
[2026-07-01 23:39:48] [INFO] Checking Operating System...
[2026-07-01 23:39:48] [SUCCESS] Detected: Linux Mint 22.1
[2026-07-01 23:44:44] [INFO] Checking Internet Connection...
[2026-07-01 23:44:44] [SUCCESS] Internet Connection Available
[2026-07-01 23:44:44] [INFO] Checking Operating System...
[2026-07-01 23:44:44] [SUCCESS] Detected: Linux Mint 22.1
[2026-07-01 23:50:01] [INFO] Checking Internet Connection...
[2026-07-01 23:50:06] [SUCCESS] Internet Connection Available
[2026-07-01 23:50:06] [INFO] Checking Operating System...
[2026-07-01 23:50:06] [SUCCESS] Detected: Linux Mint 22.1
[2026-07-02 00:04:17] [INFO] Checking Internet Connection...
[2026-07-02 00:04:23] [SUCCESS] Internet Connection Available
[2026-07-02 00:04:23] [INFO] Checking Operating System...
[2026-07-02 00:04:23] [SUCCESS] Detected: Linux Mint 22.1
[2026-07-02 00:04:32] [INFO] Checking Internet Connection...
[2026-07-02 00:04:35] [SUCCESS] Internet Connection Available
[2026-07-02 00:04:35] [INFO] Checking Operating System...
[2026-07-02 00:04:35] [SUCCESS] Detected: Linux Mint 22.1
[2026-07-02 00:09:52] [INFO] Checking Internet Connection...
[2026-07-02 00:09:53] [SUCCESS] Internet Connection Available
[2026-07-02 00:09:53] [INFO] Checking Operating System...
[2026-07-02 00:09:53] [SUCCESS] Detected: Linux Mint 22.1
[2026-07-02 00:16:37] [INFO] Checking Internet Connection...
[2026-07-02 00:16:38] [SUCCESS] Internet Connection Available
[2026-07-02 00:16:38] [INFO] Checking Operating System...
[2026-07-02 00:16:38] [SUCCESS] Detected: Linux Mint 22.1
[2026-07-02 00:17:31] [INFO] Checking Internet Connection...
[2026-07-02 00:17:31] [SUCCESS] Internet Connection Available
[2026-07-02 00:17:31] [INFO] Checking Operating System...
[2026-07-02 00:17:31] [SUCCESS] Detected: Linux Mint 22.1
[2026-07-02 00:22:44] [INFO] Checking Internet Connection...
[2026-07-02 00:22:44] [SUCCESS] Internet Connection Available
[2026-07-02 00:22:44] [INFO] Checking Operating System...
[2026-07-02 00:22:44] [SUCCESS] Detected: Linux Mint 22.1
[2026-07-02 16:41:21] [INFO] Checking Internet Connection...
[2026-07-02 16:41:21] [SUCCESS] Internet Connection Available
[2026-07-02 16:41:21] [INFO] Checking Operating System...
[2026-07-02 16:41:21] [SUCCESS] Detected: Linux Mint 22.1
[2026-07-02 16:41:57] [INFO] Checking Internet Connection...
[2026-07-02 16:41:57] [SUCCESS] Internet Connection Available
[2026-07-02 16:41:57] [INFO] Checking Operating System...
[2026-07-02 16:41:57] [SUCCESS] Detected: Linux Mint 22.1
[2026-07-03 23:06:14] [INFO] Checking Internet Connection...
[2026-07-03 23:06:14] [SUCCESS] Internet Connection Available
[2026-07-03 23:06:14] [INFO] Checking Operating System...
[2026-07-03 23:06:14] [SUCCESS] Detected: Linux Mint 22.1
[2026-07-03 23:32:00] [INFO] Starting Hadoop Services...
[2026-07-03 23:32:01] [SUCCESS] Hadoop Started Successfully
[2026-07-03 23:32:21] [INFO] Restarting Hadoop...
[2026-07-03 23:32:21] [INFO] Stopping Hadoop...
[2026-07-03 23:32:36] [SUCCESS] Hadoop Stopped
[2026-07-03 23:32:38] [INFO] Starting Hadoop Services...
[2026-07-03 23:32:52] [SUCCESS] Hadoop Started Successfully
[2026-07-03 23:32:53] [SUCCESS] Restart Completed
[2026-07-03 23:33:19] [ERROR] Backup directory not found.
[2026-07-03 23:33:40] [INFO] Creating Hadoop Backup...
[2026-07-03 23:33:40] [INFO] Backing up Hadoop installation...
[2026-07-03 23:44:07] [INFO] Stopping Hadoop...
[2026-07-03 23:44:16] [SUCCESS] Hadoop Stopped
[2026-07-03 23:44:19] [INFO] Starting Hadoop Services...
[2026-07-03 23:44:42] [SUCCESS] Hadoop Started Successfully
